# JRE version: Java(TM) SE Runtime Environment (17.0.4.1+1) (build 17.0.4.1+1-LTS-2)
# Java VM: Java HotSpot(TM) 64-Bit Server VM (17.0.4.1+1-LTS-2, mixed mode, sharing, tiered, compressed oops, compressed class ptrs, g1 gc, windows-amd64)
GC Precious Log:
 CPUs: 12 total, 12 available
 Memory: 15713M
 Large Page Support: Disabled
 NUMA Support: Disabled
 Compressed Oops: Enabled (Zero based)
 Heap Region Size: 2M
 Heap Min Capacity: 8M
 Heap Initial Capacity: 246M
 Heap Max Capacity: 3930M
 Pre-touch: Disabled
 Parallel Workers: 10
 Concurrent Workers: 3
 Concurrent Refinement Workers: 10
 Periodic GC: Disabled
Heap:
 garbage-first heap   total 327680K, used 98539K [0x000000070a600000, 0x0000000800000000)
  region size 2048K, 1 young (2048K), 1 survivors (2048K)
 Metaspace       used 80826K, committed 82432K, reserved 1122304K
  class space    used 10087K, committed 10752K, reserved 1048576K
GC Heap History (20 events):
Event: 20.048 GC heap after
{Heap after GC invocations=29 (full 0):
 garbage-first heap   total 327680K, used 72554K [0x000000070a600000, 0x0000000800000000)
  region size 2048K, 3 young (6144K), 3 survivors (6144K)
 Metaspace       used 73584K, committed 74944K, reserved 1114112K
  class space    used 9395K, committed 9984K, reserved 1048576K
}
Event: 20.133 GC heap before
{Heap before GC invocations=29 (full 0):
 garbage-first heap   total 327680K, used 82794K [0x000000070a600000, 0x0000000800000000)
  region size 2048K, 8 young (16384K), 3 survivors (6144K)
 Metaspace       used 73700K, committed 75008K, reserved 1122304K
  class space    used 9399K, committed 9984K, reserved 1048576K
}
Event: 20.137 GC heap after
{Heap after GC invocations=30 (full 0):
 garbage-first heap   total 327680K, used 72666K [0x000000070a600000, 0x0000000800000000)
  region size 2048K, 1 young (2048K), 1 survivors (2048K)
 Metaspace       used 73700K, committed 75008K, reserved 1122304K
  class space    used 9399K, committed 9984K, reserved 1048576K
}
Event: 22.024 GC heap before
{Heap before GC invocations=30 (full 0):
 garbage-first heap   total 327680K, used 267226K [0x000000070a600000, 0x0000000800000000)
  region size 2048K, 96 young (196608K), 1 survivors (2048K)
 Metaspace       used 77904K, committed 79360K, reserved 1122304K
  class space    used 9822K, committed 10496K, reserved 1048576K
}
Event: 22.029 GC heap after
{Heap after GC invocations=31 (full 0):
 garbage-first heap   total 327680K, used 81633K [0x000000070a600000, 0x0000000800000000)
  region size 2048K, 5 young (10240K), 5 survivors (10240K)
 Metaspace       used 77904K, committed 79360K, reserved 1122304K
  class space    used 9822K, committed 10496K, reserved 1048576K
}
Event: 22.783 GC heap before
{Heap before GC invocations=31 (full 0):
 garbage-first heap   total 327680K, used 155361K [0x000000070a600000, 0x0000000800000000)
  region size 2048K, 30 young (61440K), 5 survivors (10240K)
 Metaspace       used 79096K, committed 80576K, reserved 1122304K
  class space    used 9950K, committed 10624K, reserved 1048576K
}
Event: 22.787 GC heap after
{Heap after GC invocations=32 (full 0):
 garbage-first heap   total 327680K, used 95793K [0x000000070a600000, 0x0000000800000000)
  region size 2048K, 7 young (14336K), 7 survivors (14336K)
 Metaspace       used 79096K, committed 80576K, reserved 1122304K
  class space    used 9950K, committed 10624K, reserved 1048576K
}
Event: 22.793 GC heap before
{Heap before GC invocations=32 (full 0):
 garbage-first heap   total 327680K, used 116273K [0x000000070a600000, 0x0000000800000000)
  region size 2048K, 8 young (16384K), 7 survivors (14336K)
 Metaspace       used 79124K, committed 80640K, reserved 1122304K
  class space    used 9952K, committed 10624K, reserved 1048576K
}
Event: 22.797 GC heap after
{Heap after GC invocations=33 (full 0):
 garbage-first heap   total 327680K, used 102321K [0x000000070a600000, 0x0000000800000000)
  region size 2048K, 3 young (6144K), 3 survivors (6144K)
 Metaspace       used 79124K, committed 80640K, reserved 1122304K
  class space    used 9952K, committed 10624K, reserved 1048576K
}
Event: 22.800 GC heap before
{Heap before GC invocations=33 (full 0):
 garbage-first heap   total 327680K, used 116657K [0x000000070a600000, 0x0000000800000000)
  region size 2048K, 4 young (8192K), 3 survivors (6144K)
 Metaspace       used 79136K, committed 80640K, reserved 1122304K
  class space    used 9954K, committed 10624K, reserved 1048576K
}
Event: 22.803 GC heap after
{Heap after GC invocations=34 (full 0):
 garbage-first heap   total 327680K, used 99786K [0x000000070a600000, 0x0000000800000000)
  region size 2048K, 2 young (4096K), 2 survivors (4096K)
 Metaspace       used 79136K, committed 80640K, reserved 1122304K
  class space    used 9954K, committed 10624K, reserved 1048576K
}
Event: 23.597 GC heap before
{Heap before GC invocations=35 (full 0):
 garbage-first heap   total 327680K, used 300490K [0x000000070a600000, 0x0000000800000000)
  region size 2048K, 90 young (184320K), 2 survivors (4096K)
 Metaspace       used 79744K, committed 81280K, reserved 1122304K
  class space    used 10007K, committed 10688K, reserved 1048576K
}
Event: 23.607 GC heap after
{Heap after GC invocations=36 (full 0):
 garbage-first heap   total 327680K, used 108080K [0x000000070a600000, 0x0000000800000000)
  region size 2048K, 12 young (24576K), 12 survivors (24576K)
 Metaspace       used 79744K, committed 81280K, reserved 1122304K
  class space    used 10007K, committed 10688K, reserved 1048576K
}
Event: 40.206 GC heap before
{Heap before GC invocations=36 (full 0):
 garbage-first heap   total 327680K, used 263728K [0x000000070a600000, 0x0000000800000000)
  region size 2048K, 88 young (180224K), 12 survivors (24576K)
 Metaspace       used 80623K, committed 82176K, reserved 1122304K
  class space    used 10065K, committed 10752K, reserved 1048576K
}
Event: 40.211 GC heap after
{Heap after GC invocations=37 (full 0):
 garbage-first heap   total 327680K, used 99986K [0x000000070a600000, 0x0000000800000000)
  region size 2048K, 3 young (6144K), 3 survivors (6144K)
 Metaspace       used 80623K, committed 82176K, reserved 1122304K
  class space    used 10065K, committed 10752K, reserved 1048576K
}
Event: 135.358 GC heap before
{Heap before GC invocations=38 (full 0):
 garbage-first heap   total 327680K, used 267922K [0x000000070a600000, 0x0000000800000000)
  region size 2048K, 85 young (174080K), 3 survivors (6144K)
 Metaspace       used 80826K, committed 82432K, reserved 1122304K
  class space    used 10087K, committed 10752K, reserved 1048576K
}
Event: 135.360 GC heap after
{Heap after GC invocations=39 (full 0):
 garbage-first heap   total 327680K, used 100453K [0x000000070a600000, 0x0000000800000000)
  region size 2048K, 4 young (8192K), 4 survivors (8192K)
 Metaspace       used 80826K, committed 82432K, reserved 1122304K
  class space    used 10087K, committed 10752K, reserved 1048576K
}
Event: 135.366 GC heap before
{Heap before GC invocations=39 (full 0):
 garbage-first heap   total 327680K, used 108645K [0x000000070a600000, 0x0000000800000000)
  region size 2048K, 8 young (16384K), 4 survivors (8192K)
 Metaspace       used 80826K, committed 82432K, reserved 1122304K
  class space    used 10087K, committed 10752K, reserved 1048576K
}
Event: 135.368 GC heap after
{Heap after GC invocations=40 (full 0):
 garbage-first heap   total 327680K, used 99477K [0x000000070a600000, 0x0000000800000000)
  region size 2048K, 1 young (2048K), 1 survivors (2048K)
 Metaspace       used 80826K, committed 82432K, reserved 1122304K
  class space    used 10087K, committed 10752K, reserved 1048576K
}
Event: 135.371 GC heap before
{Heap before GC invocations=40 (full 0):
 garbage-first heap   total 327680K, used 99477K [0x000000070a600000, 0x0000000800000000)
  region size 2048K, 3 young (6144K), 1 survivors (2048K)
 Metaspace       used 80826K, committed 82432K, reserved 1122304K
  class space    used 10087K, committed 10752K, reserved 1048576K
}

