# JRE version: Java(TM) SE Runtime Environment (17.0.4.1+1) (build 17.0.4.1+1-LTS-2)
# Java VM: Java HotSpot(TM) 64-Bit Server VM (17.0.4.1+1-LTS-2, mixed mode, sharing, tiered, compressed oops, compressed class ptrs, g1 gc, windows-amd64)
GC Precious Log:
 CPUs: 12 total, 12 available
 Memory: 15713M
 Large Page Support: Disabled
 NUMA Support: Disabled
 Compressed Oops: Enabled (Zero based)
 Heap Region Size: 2M
 Heap Min Capacity: 8M
 Heap Initial Capacity: 246M
 Heap Max Capacity: 3930M
 Pre-touch: Disabled
 Parallel Workers: 10
 Concurrent Workers: 3
 Concurrent Refinement Workers: 10
 Periodic GC: Disabled
Heap:
 garbage-first heap   total 307200K, used 152540K [0x000000070a600000, 0x0000000800000000)
  region size 2048K, 43 young (88064K), 3 survivors (6144K)
 Metaspace       used 50424K, committed 50880K, reserved 1097728K
  class space    used 6103K, committed 6336K, reserved 1048576K
GC Heap History (20 events):
Event: 17.388 GC heap before
{Heap before GC invocations=12 (full 0):
 garbage-first heap   total 126976K, used 101882K [0x000000070a600000, 0x0000000800000000)
  region size 2048K, 16 young (32768K), 1 survivors (2048K)
 Metaspace       used 47202K, committed 47616K, reserved 1097728K
  class space    used 5772K, committed 5952K, reserved 1048576K
}
Event: 17.390 GC heap after
{Heap after GC invocations=13 (full 0):
 garbage-first heap   total 126976K, used 48507K [0x000000070a600000, 0x0000000800000000)
  region size 2048K, 2 young (4096K), 2 survivors (4096K)
 Metaspace       used 47202K, committed 47616K, reserved 1097728K
  class space    used 5772K, committed 5952K, reserved 1048576K
}
Event: 17.396 GC heap before
{Heap before GC invocations=13 (full 0):
 garbage-first heap   total 126976K, used 50555K [0x000000070a600000, 0x0000000800000000)
  region size 2048K, 3 young (6144K), 2 survivors (4096K)
 Metaspace       used 47202K, committed 47616K, reserved 1097728K
  class space    used 5772K, committed 5952K, reserved 1048576K
}
Event: 17.398 GC heap after
{Heap after GC invocations=14 (full 0):
 garbage-first heap   total 153600K, used 47533K [0x000000070a600000, 0x0000000800000000)
  region size 2048K, 1 young (2048K), 1 survivors (2048K)
 Metaspace       used 47202K, committed 47616K, reserved 1097728K
  class space    used 5772K, committed 5952K, reserved 1048576K
}
Event: 17.588 GC heap before
{Heap before GC invocations=14 (full 0):
 garbage-first heap   total 153600K, used 115117K [0x000000070a600000, 0x0000000800000000)
  region size 2048K, 34 young (69632K), 1 survivors (2048K)
 Metaspace       used 47203K, committed 47616K, reserved 1097728K
  class space    used 5772K, committed 5952K, reserved 1048576K
}
Event: 17.594 GC heap after
{Heap after GC invocations=15 (full 0):
 garbage-first heap   total 153600K, used 59525K [0x000000070a600000, 0x0000000800000000)
  region size 2048K, 5 young (10240K), 5 survivors (10240K)
 Metaspace       used 47203K, committed 47616K, reserved 1097728K
  class space    used 5772K, committed 5952K, reserved 1048576K
}
Event: 17.756 GC heap before
{Heap before GC invocations=15 (full 0):
 garbage-first heap   total 153600K, used 114821K [0x000000070a600000, 0x0000000800000000)
  region size 2048K, 32 young (65536K), 5 survivors (10240K)
 Metaspace       used 47284K, committed 47680K, reserved 1097728K
  class space    used 5779K, committed 5952K, reserved 1048576K
}
Event: 17.763 GC heap after
{Heap after GC invocations=16 (full 0):
 garbage-first heap   total 153600K, used 69450K [0x000000070a600000, 0x0000000800000000)
  region size 2048K, 4 young (8192K), 4 survivors (8192K)
 Metaspace       used 47284K, committed 47680K, reserved 1097728K
  class space    used 5779K, committed 5952K, reserved 1048576K
}
Event: 17.800 GC heap before
{Heap before GC invocations=16 (full 0):
 garbage-first heap   total 153600K, used 116554K [0x000000070a600000, 0x0000000800000000)
  region size 2048K, 27 young (55296K), 4 survivors (8192K)
 Metaspace       used 47284K, committed 47680K, reserved 1097728K
  class space    used 5779K, committed 5952K, reserved 1048576K
}
Event: 17.802 GC heap after
{Heap after GC invocations=17 (full 0):
 garbage-first heap   total 153600K, used 70333K [0x000000070a600000, 0x0000000800000000)
  region size 2048K, 1 young (2048K), 1 survivors (2048K)
 Metaspace       used 47284K, committed 47680K, reserved 1097728K
  class space    used 5779K, committed 5952K, reserved 1048576K
}
Event: 17.838 GC heap before
{Heap before GC invocations=17 (full 0):
 garbage-first heap   total 153600K, used 117437K [0x000000070a600000, 0x0000000800000000)
  region size 2048K, 24 young (49152K), 1 survivors (2048K)
 Metaspace       used 47285K, committed 47680K, reserved 1097728K
  class space    used 5779K, committed 5952K, reserved 1048576K
}
Event: 17.840 GC heap after
{Heap after GC invocations=18 (full 0):
 garbage-first heap   total 307200K, used 70334K [0x000000070a600000, 0x0000000800000000)
  region size 2048K, 1 young (2048K), 1 survivors (2048K)
 Metaspace       used 47285K, committed 47680K, reserved 1097728K
  class space    used 5779K, committed 5952K, reserved 1048576K
}
Event: 17.957 GC heap before
{Heap before GC invocations=19 (full 0):
 garbage-first heap   total 307200K, used 221886K [0x000000070a600000, 0x0000000800000000)
  region size 2048K, 75 young (153600K), 1 survivors (2048K)
 Metaspace       used 47341K, committed 47680K, reserved 1097728K
  class space    used 5788K, committed 5952K, reserved 1048576K
}
Event: 17.958 GC heap after
{Heap after GC invocations=20 (full 0):
 garbage-first heap   total 307200K, used 70110K [0x000000070a600000, 0x0000000800000000)
  region size 2048K, 1 young (2048K), 1 survivors (2048K)
 Metaspace       used 47341K, committed 47680K, reserved 1097728K
  class space    used 5788K, committed 5952K, reserved 1048576K
}
Event: 17.965 GC heap before
{Heap before GC invocations=20 (full 0):
 garbage-first heap   total 307200K, used 82398K [0x000000070a600000, 0x0000000800000000)
  region size 2048K, 7 young (14336K), 1 survivors (2048K)
 Metaspace       used 47341K, committed 47680K, reserved 1097728K
  class space    used 5788K, committed 5952K, reserved 1048576K
}
Event: 17.966 GC heap after
{Heap after GC invocations=21 (full 0):
 garbage-first heap   total 307200K, used 67396K [0x000000070a600000, 0x0000000800000000)
  region size 2048K, 1 young (2048K), 1 survivors (2048K)
 Metaspace       used 47341K, committed 47680K, reserved 1097728K
  class space    used 5788K, committed 5952K, reserved 1048576K
}
Event: 18.058 GC heap before
{Heap before GC invocations=21 (full 0):
 garbage-first heap   total 307200K, used 249668K [0x000000070a600000, 0x0000000800000000)
  region size 2048K, 90 young (184320K), 1 survivors (2048K)
 Metaspace       used 47341K, committed 47680K, reserved 1097728K
  class space    used 5788K, committed 5952K, reserved 1048576K
}
Event: 18.059 GC heap after
{Heap after GC invocations=22 (full 0):
 garbage-first heap   total 307200K, used 67389K [0x000000070a600000, 0x0000000800000000)
  region size 2048K, 1 young (2048K), 1 survivors (2048K)
 Metaspace       used 47341K, committed 47680K, reserved 1097728K
  class space    used 5788K, committed 5952K, reserved 1048576K
}
Event: 18.355 GC heap before
{Heap before GC invocations=22 (full 0):
 garbage-first heap   total 307200K, used 261949K [0x000000070a600000, 0x0000000800000000)
  region size 2048K, 90 young (184320K), 1 survivors (2048K)
 Metaspace       used 47711K, committed 48192K, reserved 1097728K
  class space    used 5804K, committed 6016K, reserved 1048576K
}
Event: 18.357 GC heap after
{Heap after GC invocations=23 (full 0):
 garbage-first heap   total 307200K, used 72668K [0x000000070a600000, 0x0000000800000000)
  region size 2048K, 3 young (6144K), 3 survivors (6144K)
 Metaspace       used 47711K, committed 48192K, reserved 1097728K
  class space    used 5804K, committed 6016K, reserved 1048576K
}

