# JRE version: Java(TM) SE Runtime Environment (17.0.4.1+1) (build 17.0.4.1+1-LTS-2)
# Java VM: Java HotSpot(TM) 64-Bit Server VM (17.0.4.1+1-LTS-2, mixed mode, sharing, tiered, compressed oops, compressed class ptrs, g1 gc, windows-amd64)
GC Precious Log:
 CPUs: 12 total, 12 available
 Memory: 15713M
 Large Page Support: Disabled
 NUMA Support: Disabled
 Compressed Oops: Enabled (Zero based)
 Heap Region Size: 2M
 Heap Min Capacity: 8M
 Heap Initial Capacity: 246M
 Heap Max Capacity: 3930M
 Pre-touch: Disabled
 Parallel Workers: 10
 Concurrent Workers: 3
 Concurrent Refinement Workers: 10
 Periodic GC: Disabled
Heap:
 garbage-first heap   total 251904K, used 74470K [0x000000070a600000, 0x0000000800000000)
  region size 2048K, 1 young (2048K), 1 survivors (2048K)
 Metaspace       used 72344K, committed 73600K, reserved 1114112K
  class space    used 9258K, committed 9792K, reserved 1048576K
GC Heap History (20 events):
Event: 5.810 GC heap after
{Heap after GC invocations=18 (full 0):
 garbage-first heap   total 165888K, used 53518K [0x000000070a600000, 0x0000000800000000)
  region size 2048K, 4 young (8192K), 4 survivors (8192K)
 Metaspace       used 43494K, committed 44544K, reserved 1089536K
  class space    used 5723K, committed 6208K, reserved 1048576K
}
Event: 6.426 GC heap before
{Heap before GC invocations=18 (full 0):
 garbage-first heap   total 165888K, used 125198K [0x000000070a600000, 0x0000000800000000)
  region size 2048K, 40 young (81920K), 4 survivors (8192K)
 Metaspace       used 50944K, committed 51968K, reserved 1097728K
  class space    used 6790K, committed 7296K, reserved 1048576K
}
Event: 6.432 GC heap after
{Heap after GC invocations=19 (full 0):
 garbage-first heap   total 165888K, used 57930K [0x000000070a600000, 0x0000000800000000)
  region size 2048K, 5 young (10240K), 5 survivors (10240K)
 Metaspace       used 50944K, committed 51968K, reserved 1097728K
  class space    used 6790K, committed 7296K, reserved 1048576K
}
Event: 6.819 GC heap before
{Heap before GC invocations=19 (full 0):
 garbage-first heap   total 165888K, used 129610K [0x000000070a600000, 0x0000000800000000)
  region size 2048K, 40 young (81920K), 5 survivors (10240K)
 Metaspace       used 55806K, committed 56896K, reserved 1105920K
  class space    used 7302K, committed 7808K, reserved 1048576K
}
Event: 6.825 GC heap after
{Heap after GC invocations=20 (full 0):
 garbage-first heap   total 165888K, used 63374K [0x000000070a600000, 0x0000000800000000)
  region size 2048K, 5 young (10240K), 5 survivors (10240K)
 Metaspace       used 55806K, committed 56896K, reserved 1105920K
  class space    used 7302K, committed 7808K, reserved 1048576K
}
Event: 7.381 GC heap before
{Heap before GC invocations=20 (full 0):
 garbage-first heap   total 165888K, used 126862K [0x000000070a600000, 0x0000000800000000)
  region size 2048K, 37 young (75776K), 5 survivors (10240K)
 Metaspace       used 61175K, committed 62272K, reserved 1105920K
  class space    used 7785K, committed 8256K, reserved 1048576K
}
Event: 7.387 GC heap after
{Heap after GC invocations=21 (full 0):
 garbage-first heap   total 165888K, used 67182K [0x000000070a600000, 0x0000000800000000)
  region size 2048K, 2 young (4096K), 2 survivors (4096K)
 Metaspace       used 61175K, committed 62272K, reserved 1105920K
  class space    used 7785K, committed 8256K, reserved 1048576K
}
Event: 19.922 GC heap before
{Heap before GC invocations=21 (full 0):
 garbage-first heap   total 165888K, used 104046K [0x000000070a600000, 0x0000000800000000)
  region size 2048K, 22 young (45056K), 2 survivors (4096K)
 Metaspace       used 66688K, committed 67840K, reserved 1114112K
  class space    used 8456K, committed 8960K, reserved 1048576K
}
Event: 19.926 GC heap after
{Heap after GC invocations=22 (full 0):
 garbage-first heap   total 165888K, used 68730K [0x000000070a600000, 0x0000000800000000)
  region size 2048K, 3 young (6144K), 3 survivors (6144K)
 Metaspace       used 66688K, committed 67840K, reserved 1114112K
  class space    used 8456K, committed 8960K, reserved 1048576K
}
Event: 21.272 GC heap before
{Heap before GC invocations=23 (full 0):
 garbage-first heap   total 165888K, used 134266K [0x000000070a600000, 0x0000000800000000)
  region size 2048K, 35 young (71680K), 3 survivors (6144K)
 Metaspace       used 70879K, committed 72064K, reserved 1114112K
  class space    used 9020K, committed 9536K, reserved 1048576K
}
Event: 21.277 GC heap after
{Heap after GC invocations=24 (full 0):
 garbage-first heap   total 165888K, used 72177K [0x000000070a600000, 0x0000000800000000)
  region size 2048K, 3 young (6144K), 3 survivors (6144K)
 Metaspace       used 70879K, committed 72064K, reserved 1114112K
  class space    used 9020K, committed 9536K, reserved 1048576K
}
Event: 21.298 GC heap before
{Heap before GC invocations=24 (full 0):
 garbage-first heap   total 165888K, used 74225K [0x000000070a600000, 0x0000000800000000)
  region size 2048K, 4 young (8192K), 3 survivors (6144K)
 Metaspace       used 71046K, committed 72192K, reserved 1114112K
  class space    used 9043K, committed 9536K, reserved 1048576K
}
Event: 21.300 GC heap after
{Heap after GC invocations=25 (full 0):
 garbage-first heap   total 165888K, used 71894K [0x000000070a600000, 0x0000000800000000)
  region size 2048K, 1 young (2048K), 1 survivors (2048K)
 Metaspace       used 71046K, committed 72192K, reserved 1114112K
  class space    used 9043K, committed 9536K, reserved 1048576K
}
Event: 22.859 GC heap before
{Heap before GC invocations=25 (full 0):
 garbage-first heap   total 165888K, used 133334K [0x000000070a600000, 0x0000000800000000)
  region size 2048K, 31 young (63488K), 1 survivors (2048K)
 Metaspace       used 71909K, committed 73216K, reserved 1114112K
  class space    used 9186K, committed 9728K, reserved 1048576K
}
Event: 22.863 GC heap after
{Heap after GC invocations=26 (full 0):
 garbage-first heap   total 165888K, used 72594K [0x000000070a600000, 0x0000000800000000)
  region size 2048K, 1 young (2048K), 1 survivors (2048K)
 Metaspace       used 71909K, committed 73216K, reserved 1114112K
  class space    used 9186K, committed 9728K, reserved 1048576K
}
Event: 23.028 GC heap before
{Heap before GC invocations=27 (full 0):
 garbage-first heap   total 165888K, used 134034K [0x000000070a600000, 0x0000000800000000)
  region size 2048K, 32 young (65536K), 1 survivors (2048K)
 Metaspace       used 72059K, committed 73280K, reserved 1114112K
  class space    used 9210K, committed 9728K, reserved 1048576K
}
Event: 23.030 GC heap after
{Heap after GC invocations=28 (full 0):
 garbage-first heap   total 165888K, used 74088K [0x000000070a600000, 0x0000000800000000)
  region size 2048K, 2 young (4096K), 2 survivors (4096K)
 Metaspace       used 72059K, committed 73280K, reserved 1114112K
  class space    used 9210K, committed 9728K, reserved 1048576K
}
Event: 23.034 GC heap before
{Heap before GC invocations=28 (full 0):
 garbage-first heap   total 165888K, used 76136K [0x000000070a600000, 0x0000000800000000)
  region size 2048K, 4 young (8192K), 2 survivors (4096K)
 Metaspace       used 72059K, committed 73280K, reserved 1114112K
  class space    used 9210K, committed 9728K, reserved 1048576K
}
Event: 23.036 GC heap after
{Heap after GC invocations=29 (full 0):
 garbage-first heap   total 165888K, used 73092K [0x000000070a600000, 0x0000000800000000)
  region size 2048K, 1 young (2048K), 1 survivors (2048K)
 Metaspace       used 72059K, committed 73280K, reserved 1114112K
  class space    used 9210K, committed 9728K, reserved 1048576K
}
Event: 23.211 GC heap before
{Heap before GC invocations=29 (full 0):
 garbage-first heap   total 165888K, used 134532K [0x000000070a600000, 0x0000000800000000)
  region size 2048K, 31 young (63488K), 1 survivors (2048K)
 Metaspace       used 72344K, committed 73600K, reserved 1114112K
  class space    used 9258K, committed 9792K, reserved 1048576K
}

