# JRE version: Java(TM) SE Runtime Environment (17.0.4.1+1) (build 17.0.4.1+1-LTS-2)
# Java VM: Java HotSpot(TM) 64-Bit Server VM (17.0.4.1+1-LTS-2, mixed mode, sharing, tiered, compressed oops, compressed class ptrs, g1 gc, windows-amd64)
GC Precious Log:
 CPUs: 12 total, 12 available
 Memory: 15713M
 Large Page Support: Disabled
 NUMA Support: Disabled
 Compressed Oops: Enabled (Zero based)
 Heap Region Size: 2M
 Heap Min Capacity: 8M
 Heap Initial Capacity: 246M
 Heap Max Capacity: 3930M
 Pre-touch: Disabled
 Parallel Workers: 10
 Concurrent Workers: 3
 Concurrent Refinement Workers: 10
 Periodic GC: Disabled
Heap:
 garbage-first heap   total 368640K, used 250094K [0x000000070a600000, 0x0000000800000000)
  region size 2048K, 71 young (145408K), 1 survivors (2048K)
 Metaspace       used 91264K, committed 94144K, reserved 1138688K
  class space    used 10842K, committed 11904K, reserved 1048576K
GC Heap History (20 events):
Event: 6802.998 GC heap before
{Heap before GC invocations=227 (full 0):
 garbage-first heap   total 368640K, used 331151K [0x000000070a600000, 0x0000000800000000)
  region size 2048K, 100 young (204800K), 4 survivors (8192K)
 Metaspace       used 91444K, committed 94080K, reserved 1138688K
  class space    used 10893K, committed 11904K, reserved 1048576K
}
Event: 6803.001 GC heap after
{Heap after GC invocations=228 (full 0):
 garbage-first heap   total 368640K, used 125497K [0x000000070a600000, 0x0000000800000000)
  region size 2048K, 4 young (8192K), 4 survivors (8192K)
 Metaspace       used 91444K, committed 94080K, reserved 1138688K
  class space    used 10893K, committed 11904K, reserved 1048576K
}
Event: 6803.008 GC heap before
{Heap before GC invocations=228 (full 0):
 garbage-first heap   total 368640K, used 133689K [0x000000070a600000, 0x0000000800000000)
  region size 2048K, 9 young (18432K), 4 survivors (8192K)
 Metaspace       used 91444K, committed 94080K, reserved 1138688K
  class space    used 10893K, committed 11904K, reserved 1048576K
}
Event: 6803.017 GC heap after
{Heap after GC invocations=229 (full 0):
 garbage-first heap   total 368640K, used 116176K [0x000000070a600000, 0x0000000800000000)
  region size 2048K, 2 young (4096K), 2 survivors (4096K)
 Metaspace       used 91444K, committed 94080K, reserved 1138688K
  class space    used 10893K, committed 11904K, reserved 1048576K
}
Event: 6982.966 GC heap before
{Heap before GC invocations=229 (full 0):
 garbage-first heap   total 368640K, used 331216K [0x000000070a600000, 0x0000000800000000)
  region size 2048K, 102 young (208896K), 2 survivors (4096K)
 Metaspace       used 91454K, committed 94080K, reserved 1138688K
  class space    used 10893K, committed 11904K, reserved 1048576K
}
Event: 6982.967 GC heap after
{Heap after GC invocations=230 (full 0):
 garbage-first heap   total 368640K, used 114885K [0x000000070a600000, 0x0000000800000000)
  region size 2048K, 1 young (2048K), 1 survivors (2048K)
 Metaspace       used 91454K, committed 94080K, reserved 1138688K
  class space    used 10893K, committed 11904K, reserved 1048576K
}
Event: 6982.998 GC heap before
{Heap before GC invocations=230 (full 0):
 garbage-first heap   total 368640K, used 159941K [0x000000070a600000, 0x0000000800000000)
  region size 2048K, 25 young (51200K), 1 survivors (2048K)
 Metaspace       used 91454K, committed 94080K, reserved 1138688K
  class space    used 10893K, committed 11904K, reserved 1048576K
}
Event: 6983.000 GC heap after
{Heap after GC invocations=231 (full 0):
 garbage-first heap   total 368640K, used 115694K [0x000000070a600000, 0x0000000800000000)
  region size 2048K, 2 young (4096K), 2 survivors (4096K)
 Metaspace       used 91454K, committed 94080K, reserved 1138688K
  class space    used 10893K, committed 11904K, reserved 1048576K
}
Event: 7162.963 GC heap before
{Heap before GC invocations=232 (full 0):
 garbage-first heap   total 368640K, used 320494K [0x000000070a600000, 0x0000000800000000)
  region size 2048K, 97 young (198656K), 2 survivors (4096K)
 Metaspace       used 91236K, committed 94080K, reserved 1138688K
  class space    used 10842K, committed 11904K, reserved 1048576K
}
Event: 7162.965 GC heap after
{Heap after GC invocations=233 (full 0):
 garbage-first heap   total 368640K, used 114613K [0x000000070a600000, 0x0000000800000000)
  region size 2048K, 1 young (2048K), 1 survivors (2048K)
 Metaspace       used 91236K, committed 94080K, reserved 1138688K
  class space    used 10842K, committed 11904K, reserved 1048576K
}
Event: 7162.978 GC heap before
{Heap before GC invocations=233 (full 0):
 garbage-first heap   total 368640K, used 130997K [0x000000070a600000, 0x0000000800000000)
  region size 2048K, 9 young (18432K), 1 survivors (2048K)
 Metaspace       used 91237K, committed 94080K, reserved 1138688K
  class space    used 10842K, committed 11904K, reserved 1048576K
}
Event: 7162.984 GC heap after
{Heap after GC invocations=234 (full 0):
 garbage-first heap   total 368640K, used 106516K [0x000000070a600000, 0x0000000800000000)
  region size 2048K, 1 young (2048K), 1 survivors (2048K)
 Metaspace       used 91237K, committed 94080K, reserved 1138688K
  class space    used 10842K, committed 11904K, reserved 1048576K
}
Event: 7283.003 GC heap before
{Heap before GC invocations=234 (full 0):
 garbage-first heap   total 368640K, used 319508K [0x000000070a600000, 0x0000000800000000)
  region size 2048K, 102 young (208896K), 1 survivors (2048K)
 Metaspace       used 91240K, committed 94080K, reserved 1138688K
  class space    used 10842K, committed 11904K, reserved 1048576K
}
Event: 7283.005 GC heap after
{Heap after GC invocations=235 (full 0):
 garbage-first heap   total 368640K, used 107212K [0x000000070a600000, 0x0000000800000000)
  region size 2048K, 1 young (2048K), 1 survivors (2048K)
 Metaspace       used 91240K, committed 94080K, reserved 1138688K
  class space    used 10842K, committed 11904K, reserved 1048576K
}
Event: 7283.016 GC heap before
{Heap before GC invocations=235 (full 0):
 garbage-first heap   total 368640K, used 121548K [0x000000070a600000, 0x0000000800000000)
  region size 2048K, 10 young (20480K), 1 survivors (2048K)
 Metaspace       used 91240K, committed 94080K, reserved 1138688K
  class space    used 10842K, committed 11904K, reserved 1048576K
}
Event: 7283.018 GC heap after
{Heap after GC invocations=236 (full 0):
 garbage-first heap   total 368640K, used 107582K [0x000000070a600000, 0x0000000800000000)
  region size 2048K, 2 young (4096K), 2 survivors (4096K)
 Metaspace       used 91240K, committed 94080K, reserved 1138688K
  class space    used 10842K, committed 11904K, reserved 1048576K
}
Event: 7462.963 GC heap before
{Heap before GC invocations=237 (full 0):
 garbage-first heap   total 368640K, used 322622K [0x000000070a600000, 0x0000000800000000)
  region size 2048K, 103 young (210944K), 2 survivors (4096K)
 Metaspace       used 91257K, committed 94144K, reserved 1138688K
  class space    used 10842K, committed 11904K, reserved 1048576K
}
Event: 7462.965 GC heap after
{Heap after GC invocations=238 (full 0):
 garbage-first heap   total 368640K, used 106735K [0x000000070a600000, 0x0000000800000000)
  region size 2048K, 1 young (2048K), 1 survivors (2048K)
 Metaspace       used 91257K, committed 94144K, reserved 1138688K
  class space    used 10842K, committed 11904K, reserved 1048576K
}
Event: 7462.977 GC heap before
{Heap before GC invocations=238 (full 0):
 garbage-first heap   total 368640K, used 123119K [0x000000070a600000, 0x0000000800000000)
  region size 2048K, 9 young (18432K), 1 survivors (2048K)
 Metaspace       used 91257K, committed 94144K, reserved 1138688K
  class space    used 10842K, committed 11904K, reserved 1048576K
}
Event: 7462.980 GC heap after
{Heap after GC invocations=239 (full 0):
 garbage-first heap   total 368640K, used 104686K [0x000000070a600000, 0x0000000800000000)
  region size 2048K, 1 young (2048K), 1 survivors (2048K)
 Metaspace       used 91257K, committed 94144K, reserved 1138688K
  class space    used 10842K, committed 11904K, reserved 1048576K
}

