# JRE version: Java(TM) SE Runtime Environment (17.0.4.1+1) (build 17.0.4.1+1-LTS-2)
# Java VM: Java HotSpot(TM) 64-Bit Server VM (17.0.4.1+1-LTS-2, mixed mode, sharing, tiered, compressed oops, compressed class ptrs, g1 gc, windows-amd64)
GC Precious Log:
 CPUs: 12 total, 12 available
 Memory: 15713M
 Large Page Support: Disabled
 NUMA Support: Disabled
 Compressed Oops: Enabled (Zero based)
 Heap Region Size: 2M
 Heap Min Capacity: 8M
 Heap Initial Capacity: 246M
 Heap Max Capacity: 3930M
 Pre-touch: Disabled
 Parallel Workers: 10
 Concurrent Workers: 3
 Concurrent Refinement Workers: 10
 Periodic GC: Disabled
Heap:
 garbage-first heap   total 194560K, used 65289K [0x000000070a600000, 0x0000000800000000)
  region size 2048K, 3 young (6144K), 3 survivors (6144K)
 Metaspace       used 47267K, committed 47680K, reserved 1097728K
  class space    used 5767K, committed 6016K, reserved 1048576K
GC Heap History (20 events):
Event: 2.500 GC heap after
{Heap after GC invocations=3 (full 0):
 garbage-first heap   total 251904K, used 27043K [0x000000070a600000, 0x0000000800000000)
  region size 2048K, 4 young (8192K), 4 survivors (8192K)
 Metaspace       used 21295K, committed 21504K, reserved 1073152K
  class space    used 2367K, committed 2496K, reserved 1048576K
}
Event: 3.383 GC heap before
{Heap before GC invocations=4 (full 0):
 garbage-first heap   total 102400K, used 74147K [0x000000070a600000, 0x0000000800000000)
  region size 2048K, 29 young (59392K), 4 survivors (8192K)
 Metaspace       used 30133K, committed 30400K, reserved 1081344K
  class space    used 3632K, committed 3776K, reserved 1048576K
}
Event: 3.388 GC heap after
{Heap after GC invocations=5 (full 0):
 garbage-first heap   total 102400K, used 30754K [0x000000070a600000, 0x0000000800000000)
  region size 2048K, 2 young (4096K), 2 survivors (4096K)
 Metaspace       used 30133K, committed 30400K, reserved 1081344K
  class space    used 3632K, committed 3776K, reserved 1048576K
}
Event: 3.753 GC heap before
{Heap before GC invocations=5 (full 0):
 garbage-first heap   total 102400K, used 69666K [0x000000070a600000, 0x0000000800000000)
  region size 2048K, 21 young (43008K), 2 survivors (4096K)
 Metaspace       used 33764K, committed 34112K, reserved 1081344K
  class space    used 4129K, committed 4288K, reserved 1048576K
}
Event: 3.757 GC heap after
{Heap after GC invocations=6 (full 0):
 garbage-first heap   total 102400K, used 32734K [0x000000070a600000, 0x0000000800000000)
  region size 2048K, 1 young (2048K), 1 survivors (2048K)
 Metaspace       used 33764K, committed 34112K, reserved 1081344K
  class space    used 4129K, committed 4288K, reserved 1048576K
}
Event: 3.965 GC heap before
{Heap before GC invocations=6 (full 0):
 garbage-first heap   total 102400K, used 45022K [0x000000070a600000, 0x0000000800000000)
  region size 2048K, 9 young (18432K), 1 survivors (2048K)
 Metaspace       used 35775K, committed 36096K, reserved 1081344K
  class space    used 4409K, committed 4544K, reserved 1048576K
}
Event: 3.967 GC heap after
{Heap after GC invocations=7 (full 0):
 garbage-first heap   total 102400K, used 33594K [0x000000070a600000, 0x0000000800000000)
  region size 2048K, 2 young (4096K), 2 survivors (4096K)
 Metaspace       used 35775K, committed 36096K, reserved 1081344K
  class space    used 4409K, committed 4544K, reserved 1048576K
}
Event: 12.146 GC heap before
{Heap before GC invocations=8 (full 0):
 garbage-first heap   total 102400K, used 84794K [0x000000070a600000, 0x0000000800000000)
  region size 2048K, 22 young (45056K), 2 survivors (4096K)
 Metaspace       used 45494K, committed 45952K, reserved 1089536K
  class space    used 5547K, committed 5760K, reserved 1048576K
}
Event: 12.152 GC heap after
{Heap after GC invocations=9 (full 0):
 garbage-first heap   total 102400K, used 44002K [0x000000070a600000, 0x0000000800000000)
  region size 2048K, 3 young (6144K), 3 survivors (6144K)
 Metaspace       used 45494K, committed 45952K, reserved 1089536K
  class space    used 5547K, committed 5760K, reserved 1048576K
}
Event: 12.201 GC heap before
{Heap before GC invocations=9 (full 0):
 garbage-first heap   total 102400K, used 46050K [0x000000070a600000, 0x0000000800000000)
  region size 2048K, 4 young (8192K), 3 survivors (6144K)
 Metaspace       used 45872K, committed 46272K, reserved 1089536K
  class space    used 5626K, committed 5824K, reserved 1048576K
}
Event: 12.203 GC heap after
{Heap after GC invocations=10 (full 0):
 garbage-first heap   total 102400K, used 44675K [0x000000070a600000, 0x0000000800000000)
  region size 2048K, 1 young (2048K), 1 survivors (2048K)
 Metaspace       used 45872K, committed 46272K, reserved 1089536K
  class space    used 5626K, committed 5824K, reserved 1048576K
}
Event: 13.130 GC heap before
{Heap before GC invocations=10 (full 0):
 garbage-first heap   total 102400K, used 50819K [0x000000070a600000, 0x0000000800000000)
  region size 2048K, 5 young (10240K), 1 survivors (2048K)
 Metaspace       used 46777K, committed 47232K, reserved 1097728K
  class space    used 5726K, committed 5952K, reserved 1048576K
}
Event: 13.132 GC heap after
{Heap after GC invocations=11 (full 0):
 garbage-first heap   total 102400K, used 44588K [0x000000070a600000, 0x0000000800000000)
  region size 2048K, 1 young (2048K), 1 survivors (2048K)
 Metaspace       used 46777K, committed 47232K, reserved 1097728K
  class space    used 5726K, committed 5952K, reserved 1048576K
}
Event: 14.378 GC heap before
{Heap before GC invocations=11 (full 0):
 garbage-first heap   total 102400K, used 54828K [0x000000070a600000, 0x0000000800000000)
  region size 2048K, 2 young (4096K), 1 survivors (2048K)
 Metaspace       used 46822K, committed 47232K, reserved 1097728K
  class space    used 5730K, committed 5952K, reserved 1048576K
}
Event: 14.379 GC heap after
{Heap after GC invocations=12 (full 0):
 garbage-first heap   total 102400K, used 48621K [0x000000070a600000, 0x0000000800000000)
  region size 2048K, 1 young (2048K), 1 survivors (2048K)
 Metaspace       used 46822K, committed 47232K, reserved 1097728K
  class space    used 5730K, committed 5952K, reserved 1048576K
}
Event: 14.568 GC heap before
{Heap before GC invocations=13 (full 0):
 garbage-first heap   total 126976K, used 103917K [0x000000070a600000, 0x0000000800000000)
  region size 2048K, 17 young (34816K), 1 survivors (2048K)
 Metaspace       used 47267K, committed 47680K, reserved 1097728K
  class space    used 5767K, committed 6016K, reserved 1048576K
}
Event: 14.571 GC heap after
{Heap after GC invocations=14 (full 0):
 garbage-first heap   total 126976K, used 59629K [0x000000070a600000, 0x0000000800000000)
  region size 2048K, 3 young (6144K), 3 survivors (6144K)
 Metaspace       used 47267K, committed 47680K, reserved 1097728K
  class space    used 5767K, committed 6016K, reserved 1048576K
}
Event: 14.577 GC heap before
{Heap before GC invocations=14 (full 0):
 garbage-first heap   total 126976K, used 61677K [0x000000070a600000, 0x0000000800000000)
  region size 2048K, 4 young (8192K), 3 survivors (6144K)
 Metaspace       used 47267K, committed 47680K, reserved 1097728K
  class space    used 5767K, committed 6016K, reserved 1048576K
}
Event: 14.580 GC heap after
{Heap after GC invocations=15 (full 0):
 garbage-first heap   total 126976K, used 58654K [0x000000070a600000, 0x0000000800000000)
  region size 2048K, 1 young (2048K), 1 survivors (2048K)
 Metaspace       used 47267K, committed 47680K, reserved 1097728K
  class space    used 5767K, committed 6016K, reserved 1048576K
}
Event: 14.726 GC heap before
{Heap before GC invocations=15 (full 0):
 garbage-first heap   total 126976K, used 97566K [0x000000070a600000, 0x0000000800000000)
  region size 2048K, 20 young (40960K), 1 survivors (2048K)
 Metaspace       used 47267K, committed 47680K, reserved 1097728K
  class space    used 5767K, committed 6016K, reserved 1048576K
}

